<?xml version="1.0" encoding="UTF-8"?>
<!-- Generated by org.testng.reporters.JUnitReportReporter -->
<testsuite hostname="DESKTOP-TVKQ1TM" failures="0" tests="8" name="testClasses.HomePageTextClass" time="69.642" errors="0" timestamp="2024-08-01T23:09:43 IST" skipped="0">
  <testcase classname="testClasses.HomePageTextClass" name="verifyRegisterAPatientLinkIeDisplayedOnHomePage" time="8.084"/>
  <system-out/>
  <testcase classname="testClasses.HomePageTextClass" name="verifyRegisterAPatientLinkIeDisplayedOnHomePage" time="7.624"/>
  <system-out/>
  <testcase classname="testClasses.HomePageTextClass" name="verifyFindPatientRecordLinkIsDisplayed" time="7.802"/>
  <system-out/>
  <testcase classname="testClasses.HomePageTextClass" name="verifyFindPatientRecordLinkIsDisplayed" time="8.101"/>
  <system-out/>
  <testcase classname="testClasses.HomePageTextClass" name="verifyLogoutFunctionality" time="9.725"/>
  <system-out/>
  <testcase classname="testClasses.HomePageTextClass" name="verifyLogoutFunctionality" time="10.144"/>
  <system-out/>
  <testcase classname="testClasses.HomePageTextClass" name="verifyAdminDropdownMyAccountAndHomeIcon" time="8.427"/>
  <system-out/>
  <testcase classname="testClasses.HomePageTextClass" name="verifyAdminDropdownMyAccountAndHomeIcon" time="9.735"/>
  <system-out/>
</testsuite> <!-- testClasses.HomePageTextClass -->
