<?xml version="1.0" encoding="UTF-8"?>
<!-- Generated by org.testng.reporters.JUnitReportReporter -->
<testsuite hostname="DESKTOP-TVKQ1TM" failures="0" tests="16" name="testClasses.PatientDetailsTests" time="159.690" errors="0" timestamp="2024-08-01T23:09:43 IST" skipped="0">
  <testcase classname="testClasses.PatientDetailsTests" name="verifySearchFunctionality" time="9.991"/>
  <system-out/>
  <testcase classname="testClasses.PatientDetailsTests" name="verifySearchFunctionality" time="9.788"/>
  <system-out/>
  <testcase classname="testClasses.PatientDetailsTests" name="verifyNavigationToFindPatientRecordPage" time="10.273"/>
  <system-out/>
  <testcase classname="testClasses.PatientDetailsTests" name="verifyNavigationToFindPatientRecordPage" time="10.598"/>
  <system-out/>
  <testcase classname="testClasses.PatientDetailsTests" name="testFindPatientByIdentifier" time="9.584"/>
  <system-out/>
  <testcase classname="testClasses.PatientDetailsTests" name="testFindPatientByIdentifier" time="10.005"/>
  <system-out/>
  <testcase classname="testClasses.PatientDetailsTests" name="testFindPatientByName" time="10.482"/>
  <system-out/>
  <testcase classname="testClasses.PatientDetailsTests" name="testFindPatientByName" time="9.025"/>
  <system-out/>
  <testcase classname="testClasses.PatientDetailsTests" name="testFindPatientAndVerifyGender" time="10.398"/>
  <system-out/>
  <testcase classname="testClasses.PatientDetailsTests" name="testFindPatientAndVerifyGender" time="10.439"/>
  <system-out/>
  <testcase classname="testClasses.PatientDetailsTests" name="testFindPatientAndVerifyAge" time="10.226"/>
  <system-out/>
  <testcase classname="testClasses.PatientDetailsTests" name="testFindPatientAndVerifyAge" time="9.327"/>
  <system-out/>
  <testcase classname="testClasses.PatientDetailsTests" name="testFindPatientCaseInsensitive" time="10.931"/>
  <system-out/>
  <testcase classname="testClasses.PatientDetailsTests" name="testFindPatientCaseInsensitive" time="9.784"/>
  <system-out/>
  <testcase classname="testClasses.PatientDetailsTests" name="testFindPatientPartialName" time="9.365"/>
  <system-out/>
  <testcase classname="testClasses.PatientDetailsTests" name="testFindPatientPartialName" time="9.474"/>
  <system-out/>
</testsuite> <!-- testClasses.PatientDetailsTests -->
