<?xml version="1.0" encoding="UTF-8"?>
<!-- Generated by org.testng.reporters.JUnitReportReporter -->
<testsuite hostname="DESKTOP-TVKQ1TM" failures="0" tests="2" name="testClasses.RegisterAPatientTextClass" time="45.394" errors="0" timestamp="2024-08-01T23:09:43 IST" skipped="0">
  <testcase classname="testClasses.RegisterAPatientTextClass" name="verifyToSelecttheButtonToGoToRegiterAPatientPage" time="22.704"/>
  <system-out/>
  <testcase classname="testClasses.RegisterAPatientTextClass" name="verifyToSelecttheButtonToGoToRegiterAPatientPage" time="22.690"/>
  <system-out/>
</testsuite> <!-- testClasses.RegisterAPatientTextClass -->
