<?xml version="1.0" encoding="UTF-8"?>
<!-- Generated by org.testng.reporters.JUnitReportReporter -->
<testsuite hostname="DESKTOP-TVKQ1TM" failures="0" tests="14" name="testClasses.LoginPageTextClass" time="87.730" errors="0" timestamp="2024-08-01T23:09:43 IST" skipped="0">
  <testcase classname="testClasses.LoginPageTextClass" name="verifyTheExpectedPageisOpensWhileHittingTheUrl" time="5.067"/>
  <system-out/>
  <testcase classname="testClasses.LoginPageTextClass" name="verifyTheExpectedPageisOpensWhileHittingTheUrl" time="5.621"/>
  <system-out/>
  <testcase classname="testClasses.LoginPageTextClass" name="veryfyLogoIsDisplayedOrNotInLoginPage" time="5.785"/>
  <system-out/>
  <testcase classname="testClasses.LoginPageTextClass" name="veryfyLogoIsDisplayedOrNotInLoginPage" time="5.044"/>
  <system-out/>
  <testcase classname="testClasses.LoginPageTextClass" name="verifySuccesfullogin" time="7.668"/>
  <system-out/>
  <testcase classname="testClasses.LoginPageTextClass" name="verifySuccesfullogin" time="7.198"/>
  <system-out/>
  <testcase classname="testClasses.LoginPageTextClass" name="verifyUnsuccessfulLogin" time="7.136"/>
  <system-out/>
  <testcase classname="testClasses.LoginPageTextClass" name="verifyUnsuccessfulLogin" time="6.488"/>
  <system-out/>
  <testcase classname="testClasses.LoginPageTextClass" name="verifyUnsuccessfulLogin" time="7.769"/>
  <system-out/>
  <testcase classname="testClasses.LoginPageTextClass" name="verifyUnsuccessfulLogin" time="6.802"/>
  <system-out/>
  <testcase classname="testClasses.LoginPageTextClass" name="verifyUnsuccessfulLogin" time="6.679"/>
  <system-out/>
  <testcase classname="testClasses.LoginPageTextClass" name="verifyUnsuccessfulLogin" time="6.110"/>
  <system-out/>
  <testcase classname="testClasses.LoginPageTextClass" name="verifyAllLocationSessionsAreDisplayedOrNotInLoginPage" time="5.019"/>
  <system-out/>
  <testcase classname="testClasses.LoginPageTextClass" name="verifyAllLocationSessionsAreDisplayedOrNotInLoginPage" time="5.344"/>
  <system-out/>
</testsuite> <!-- testClasses.LoginPageTextClass -->
